<?xml version="1.0" encoding="UTF-8"?>
<!-- Generated by org.testng.reporters.JUnitReportReporter -->
<testsuite hostname="Aenugula" failures="0" tests="1" name="com_AdactinBase_TCases.Tc_001_login_and_search_hotel" time="1.163" errors="0" timestamp="2025-02-14T15:11:58 IST" skipped="0">
  <testcase classname="com_AdactinBase_TCases.Tc_001_login_and_search_hotel" name="searchhotel" time="1.163"/>
</testsuite> <!-- com_AdactinBase_TCases.Tc_001_login_and_search_hotel -->
